[0.351s] Invoking command in '/home/darkdemon/ros2_ws/src/obstacle_detect_last': PYTHONPATH=/home/darkdemon/ros2_ws/build/obstacle_detect_last/prefix_override:/usr/lib/python3/dist-packages/colcon_core/task/python/colcon_distutils_commands:/home/darkdemon/ros2_ws/install/obstacle_detect_last/lib/python3.10/site-packages:${PYTHONPATH} /usr/bin/python3 -W ignore:setup.py install is deprecated -W ignore:easy_install command is deprecated setup.py egg_info --egg-base ../../build/obstacle_detect_last build --build-base /home/darkdemon/ros2_ws/build/obstacle_detect_last/build install --record /home/darkdemon/ros2_ws/build/obstacle_detect_last/install.log --single-version-externally-managed install_data
[0.487s] running egg_info
[0.488s] writing ../../build/obstacle_detect_last/obstacle_detect_last.egg-info/PKG-INFO
[0.488s] writing dependency_links to ../../build/obstacle_detect_last/obstacle_detect_last.egg-info/dependency_links.txt
[0.488s] writing entry points to ../../build/obstacle_detect_last/obstacle_detect_last.egg-info/entry_points.txt
[0.488s] writing requirements to ../../build/obstacle_detect_last/obstacle_detect_last.egg-info/requires.txt
[0.488s] writing top-level names to ../../build/obstacle_detect_last/obstacle_detect_last.egg-info/top_level.txt
[0.489s] reading manifest file '../../build/obstacle_detect_last/obstacle_detect_last.egg-info/SOURCES.txt'
[0.489s] writing manifest file '../../build/obstacle_detect_last/obstacle_detect_last.egg-info/SOURCES.txt'
[0.489s] running build
[0.489s] running build_py
[0.489s] running install
[0.490s] running install_lib
[0.490s] running install_data
[0.490s] running install_egg_info
[0.491s] removing '/home/darkdemon/ros2_ws/install/obstacle_detect_last/lib/python3.10/site-packages/obstacle_detect_last-0.0.0-py3.10.egg-info' (and everything under it)
[0.491s] Copying ../../build/obstacle_detect_last/obstacle_detect_last.egg-info to /home/darkdemon/ros2_ws/install/obstacle_detect_last/lib/python3.10/site-packages/obstacle_detect_last-0.0.0-py3.10.egg-info
[0.492s] running install_scripts
[0.503s] Installing obs_detect script to /home/darkdemon/ros2_ws/install/obstacle_detect_last/lib/obstacle_detect_last
[0.504s] Installing obs_draw script to /home/darkdemon/ros2_ws/install/obstacle_detect_last/lib/obstacle_detect_last
[0.504s] Installing open_rs script to /home/darkdemon/ros2_ws/install/obstacle_detect_last/lib/obstacle_detect_last
[0.504s] writing list of installed files to '/home/darkdemon/ros2_ws/build/obstacle_detect_last/install.log'
[0.517s] Invoked command in '/home/darkdemon/ros2_ws/src/obstacle_detect_last' returned '0': PYTHONPATH=/home/darkdemon/ros2_ws/build/obstacle_detect_last/prefix_override:/usr/lib/python3/dist-packages/colcon_core/task/python/colcon_distutils_commands:/home/darkdemon/ros2_ws/install/obstacle_detect_last/lib/python3.10/site-packages:${PYTHONPATH} /usr/bin/python3 -W ignore:setup.py install is deprecated -W ignore:easy_install command is deprecated setup.py egg_info --egg-base ../../build/obstacle_detect_last build --build-base /home/darkdemon/ros2_ws/build/obstacle_detect_last/build install --record /home/darkdemon/ros2_ws/build/obstacle_detect_last/install.log --single-version-externally-managed install_data
