[0.361s] Invoking command in '/home/darkdemon/ros2_ws/src/obstacle_detect_last': PYTHONPATH=/home/darkdemon/ros2_ws/build/obstacle_detect_last/prefix_override:/usr/lib/python3/dist-packages/colcon_core/task/python/colcon_distutils_commands:/home/darkdemon/ros2_ws/install/obstacle_detect_last/lib/python3.10/site-packages:${PYTHONPATH} /usr/bin/python3 -W ignore:setup.py install is deprecated -W ignore:easy_install command is deprecated setup.py egg_info --egg-base ../../build/obstacle_detect_last build --build-base /home/darkdemon/ros2_ws/build/obstacle_detect_last/build install --record /home/darkdemon/ros2_ws/build/obstacle_detect_last/install.log --single-version-externally-managed install_data
[0.493s] running egg_info
[0.493s] writing ../../build/obstacle_detect_last/obstacle_detect_last.egg-info/PKG-INFO
[0.493s] writing dependency_links to ../../build/obstacle_detect_last/obstacle_detect_last.egg-info/dependency_links.txt
[0.493s] writing entry points to ../../build/obstacle_detect_last/obstacle_detect_last.egg-info/entry_points.txt
[0.493s] writing requirements to ../../build/obstacle_detect_last/obstacle_detect_last.egg-info/requires.txt
[0.493s] writing top-level names to ../../build/obstacle_detect_last/obstacle_detect_last.egg-info/top_level.txt
[0.494s] reading manifest file '../../build/obstacle_detect_last/obstacle_detect_last.egg-info/SOURCES.txt'
[0.495s] writing manifest file '../../build/obstacle_detect_last/obstacle_detect_last.egg-info/SOURCES.txt'
[0.495s] running build
[0.495s] running build_py
[0.495s] copying obstacle_detect_last/obs_draw.py -> /home/darkdemon/ros2_ws/build/obstacle_detect_last/build/lib/obstacle_detect_last
[0.495s] running install
[0.495s] running install_lib
[0.496s] copying /home/darkdemon/ros2_ws/build/obstacle_detect_last/build/lib/obstacle_detect_last/obs_draw.py -> /home/darkdemon/ros2_ws/install/obstacle_detect_last/lib/python3.10/site-packages/obstacle_detect_last
[0.496s] byte-compiling /home/darkdemon/ros2_ws/install/obstacle_detect_last/lib/python3.10/site-packages/obstacle_detect_last/obs_draw.py to obs_draw.cpython-310.pyc
[0.497s] running install_data
[0.497s] running install_egg_info
[0.498s] removing '/home/darkdemon/ros2_ws/install/obstacle_detect_last/lib/python3.10/site-packages/obstacle_detect_last-0.0.0-py3.10.egg-info' (and everything under it)
[0.498s] Copying ../../build/obstacle_detect_last/obstacle_detect_last.egg-info to /home/darkdemon/ros2_ws/install/obstacle_detect_last/lib/python3.10/site-packages/obstacle_detect_last-0.0.0-py3.10.egg-info
[0.498s] running install_scripts
[0.510s] Installing obs_detect script to /home/darkdemon/ros2_ws/install/obstacle_detect_last/lib/obstacle_detect_last
[0.510s] Installing obs_draw script to /home/darkdemon/ros2_ws/install/obstacle_detect_last/lib/obstacle_detect_last
[0.510s] Installing open_rs script to /home/darkdemon/ros2_ws/install/obstacle_detect_last/lib/obstacle_detect_last
[0.510s] writing list of installed files to '/home/darkdemon/ros2_ws/build/obstacle_detect_last/install.log'
[0.523s] Invoked command in '/home/darkdemon/ros2_ws/src/obstacle_detect_last' returned '0': PYTHONPATH=/home/darkdemon/ros2_ws/build/obstacle_detect_last/prefix_override:/usr/lib/python3/dist-packages/colcon_core/task/python/colcon_distutils_commands:/home/darkdemon/ros2_ws/install/obstacle_detect_last/lib/python3.10/site-packages:${PYTHONPATH} /usr/bin/python3 -W ignore:setup.py install is deprecated -W ignore:easy_install command is deprecated setup.py egg_info --egg-base ../../build/obstacle_detect_last build --build-base /home/darkdemon/ros2_ws/build/obstacle_detect_last/build install --record /home/darkdemon/ros2_ws/build/obstacle_detect_last/install.log --single-version-externally-managed install_data
