[0.423s] Invoking command in '/home/darkdemon/ros2_ws/src/obstacle_detect_last': PYTHONPATH=/home/darkdemon/ros2_ws/build/obstacle_detect_last/prefix_override:/usr/lib/python3/dist-packages/colcon_core/task/python/colcon_distutils_commands:/home/darkdemon/ros2_ws/install/obstacle_detect_last/lib/python3.10/site-packages:${PYTHONPATH} /usr/bin/python3 -W ignore:setup.py install is deprecated -W ignore:easy_install command is deprecated setup.py egg_info --egg-base ../../build/obstacle_detect_last build --build-base /home/darkdemon/ros2_ws/build/obstacle_detect_last/build install --record /home/darkdemon/ros2_ws/build/obstacle_detect_last/install.log --single-version-externally-managed install_data
[0.566s] running egg_info
[0.566s] writing ../../build/obstacle_detect_last/obstacle_detect_last.egg-info/PKG-INFO
[0.576s] writing dependency_links to ../../build/obstacle_detect_last/obstacle_detect_last.egg-info/dependency_links.txt
[0.576s] writing entry points to ../../build/obstacle_detect_last/obstacle_detect_last.egg-info/entry_points.txt
[0.576s] writing requirements to ../../build/obstacle_detect_last/obstacle_detect_last.egg-info/requires.txt
[0.576s] writing top-level names to ../../build/obstacle_detect_last/obstacle_detect_last.egg-info/top_level.txt
[0.577s] reading manifest file '../../build/obstacle_detect_last/obstacle_detect_last.egg-info/SOURCES.txt'
[0.578s] writing manifest file '../../build/obstacle_detect_last/obstacle_detect_last.egg-info/SOURCES.txt'
[0.578s] running build
[0.578s] running build_py
[0.578s] copying obstacle_detect_last/obs_detect.py -> /home/darkdemon/ros2_ws/build/obstacle_detect_last/build/lib/obstacle_detect_last
[0.578s] running install
[0.579s] running install_lib
[0.579s] copying /home/darkdemon/ros2_ws/build/obstacle_detect_last/build/lib/obstacle_detect_last/obs_detect.py -> /home/darkdemon/ros2_ws/install/obstacle_detect_last/lib/python3.10/site-packages/obstacle_detect_last
[0.580s] byte-compiling /home/darkdemon/ros2_ws/install/obstacle_detect_last/lib/python3.10/site-packages/obstacle_detect_last/obs_detect.py to obs_detect.cpython-310.pyc
[0.581s] running install_data
[0.581s] copying package.xml -> /home/darkdemon/ros2_ws/install/obstacle_detect_last/share/obstacle_detect_last
[0.582s] running install_egg_info
[0.582s] removing '/home/darkdemon/ros2_ws/install/obstacle_detect_last/lib/python3.10/site-packages/obstacle_detect_last-0.0.0-py3.10.egg-info' (and everything under it)
[0.582s] Copying ../../build/obstacle_detect_last/obstacle_detect_last.egg-info to /home/darkdemon/ros2_ws/install/obstacle_detect_last/lib/python3.10/site-packages/obstacle_detect_last-0.0.0-py3.10.egg-info
[0.583s] running install_scripts
[0.594s] Installing obs_detect script to /home/darkdemon/ros2_ws/install/obstacle_detect_last/lib/obstacle_detect_last
[0.595s] Installing obs_draw script to /home/darkdemon/ros2_ws/install/obstacle_detect_last/lib/obstacle_detect_last
[0.595s] Installing open_rs script to /home/darkdemon/ros2_ws/install/obstacle_detect_last/lib/obstacle_detect_last
[0.595s] writing list of installed files to '/home/darkdemon/ros2_ws/build/obstacle_detect_last/install.log'
[0.607s] Invoked command in '/home/darkdemon/ros2_ws/src/obstacle_detect_last' returned '0': PYTHONPATH=/home/darkdemon/ros2_ws/build/obstacle_detect_last/prefix_override:/usr/lib/python3/dist-packages/colcon_core/task/python/colcon_distutils_commands:/home/darkdemon/ros2_ws/install/obstacle_detect_last/lib/python3.10/site-packages:${PYTHONPATH} /usr/bin/python3 -W ignore:setup.py install is deprecated -W ignore:easy_install command is deprecated setup.py egg_info --egg-base ../../build/obstacle_detect_last build --build-base /home/darkdemon/ros2_ws/build/obstacle_detect_last/build install --record /home/darkdemon/ros2_ws/build/obstacle_detect_last/install.log --single-version-externally-managed install_data
