/home/darkdemon/ros2_ws/install/obstacle_detect_last/lib/python3.10/site-packages/obstacle_detect_last/__init__.py
/home/darkdemon/ros2_ws/install/obstacle_detect_last/lib/python3.10/site-packages/obstacle_detect_last/obs_detect.py
/home/darkdemon/ros2_ws/install/obstacle_detect_last/lib/python3.10/site-packages/obstacle_detect_last/open_rs.py
/home/darkdemon/ros2_ws/install/obstacle_detect_last/lib/python3.10/site-packages/obstacle_detect_last/obs_draw.py
/home/darkdemon/ros2_ws/install/obstacle_detect_last/lib/python3.10/site-packages/obstacle_detect_last/__pycache__/__init__.cpython-310.pyc
/home/darkdemon/ros2_ws/install/obstacle_detect_last/lib/python3.10/site-packages/obstacle_detect_last/__pycache__/obs_detect.cpython-310.pyc
/home/darkdemon/ros2_ws/install/obstacle_detect_last/lib/python3.10/site-packages/obstacle_detect_last/__pycache__/open_rs.cpython-310.pyc
/home/darkdemon/ros2_ws/install/obstacle_detect_last/lib/python3.10/site-packages/obstacle_detect_last/__pycache__/obs_draw.cpython-310.pyc
/home/darkdemon/ros2_ws/install/obstacle_detect_last/share/ament_index/resource_index/packages/obstacle_detect_last
/home/darkdemon/ros2_ws/install/obstacle_detect_last/share/obstacle_detect_last/package.xml
/home/darkdemon/ros2_ws/install/obstacle_detect_last/lib/python3.10/site-packages/obstacle_detect_last-0.0.0-py3.10.egg-info/requires.txt
/home/darkdemon/ros2_ws/install/obstacle_detect_last/lib/python3.10/site-packages/obstacle_detect_last-0.0.0-py3.10.egg-info/top_level.txt
/home/darkdemon/ros2_ws/install/obstacle_detect_last/lib/python3.10/site-packages/obstacle_detect_last-0.0.0-py3.10.egg-info/entry_points.txt
/home/darkdemon/ros2_ws/install/obstacle_detect_last/lib/python3.10/site-packages/obstacle_detect_last-0.0.0-py3.10.egg-info/zip-safe
/home/darkdemon/ros2_ws/install/obstacle_detect_last/lib/python3.10/site-packages/obstacle_detect_last-0.0.0-py3.10.egg-info/PKG-INFO
/home/darkdemon/ros2_ws/install/obstacle_detect_last/lib/python3.10/site-packages/obstacle_detect_last-0.0.0-py3.10.egg-info/dependency_links.txt
/home/darkdemon/ros2_ws/install/obstacle_detect_last/lib/python3.10/site-packages/obstacle_detect_last-0.0.0-py3.10.egg-info/SOURCES.txt
/home/darkdemon/ros2_ws/install/obstacle_detect_last/lib/obstacle_detect_last/obs_detect
/home/darkdemon/ros2_ws/install/obstacle_detect_last/lib/obstacle_detect_last/obs_draw
/home/darkdemon/ros2_ws/install/obstacle_detect_last/lib/obstacle_detect_last/open_rs
